Arguments: 
  /usr/bin/node /usr/share/yarn/bin/yarn.js install

PATH: 
  /usr/local/sbin:/usr/local/bin:/usr/sbin:/usr/bin:/sbin:/bin:/usr/games:/usr/local/games:/snap/bin

Yarn version: 
  1.22.15

Node version: 
  16.9.1

Platform: 
  linux x64

Trace: 
  Error: EACCES: permission denied, mkdir '/home/ubuntu/taskcall-jira-cloud/node_modules/@babel/highlight/node_modules/ansi-styles'

npm manifest: 
  {
    "name": "forge-ui-starter",
    "version": "1.0.0",
    "main": "index.js",
    "license": "MIT",
    "private": true,
    "devDependencies": {
      "eslint": "^7.32.0",
      "eslint-plugin-react-hooks": "^2.1.2"
    },
    "dependencies": {
      "@atlaskit/dropdown-menu": "^10.1.9",
      "@atlaskit/icon": "^21.9.0",
      "@forge/resolver": "^1.3.5"
    }
  }

yarn manifest: 
  No manifest

Lockfile: 
  No lockfile
